27-09-2023 20:34:13 [REQ:unknown] INFO Server starting
27-09-2023 20:34:13 [REQ:unknown] INFO Server Started
27-09-2023 20:34:46 [REQ:54a90df9-f388-4a7c-b9af-11fd0e543747] INFO api:- Got file Sample2.pdf from request
27-09-2023 20:34:46 [REQ:54a90df9-f388-4a7c-b9af-11fd0e543747] INFO api:- Trying to extract text
27-09-2023 20:34:46 [REQ:54a90df9-f388-4a7c-b9af-11fd0e543747] INFO api:- Setting pdfminer
27-09-2023 20:34:46 [REQ:54a90df9-f388-4a7c-b9af-11fd0e543747] INFO api:- Trying to extract text from Sample2.pdf
27-09-2023 20:34:46 [REQ:54a90df9-f388-4a7c-b9af-11fd0e543747] INFO api:- Closing pdfminer objects
27-09-2023 20:34:46 [REQ:54a90df9-f388-4a7c-b9af-11fd0e543747] INFO api:- Text extraction is successful
27-09-2023 20:36:12 [REQ:unknown] INFO Server starting
27-09-2023 20:36:12 [REQ:unknown] INFO Server Started
27-09-2023 20:36:12 [REQ:9df06dba-fb2a-4675-8faa-6aee2010dc06] ERROR Exception on / [GET]
Traceback (most recent call last):
  File "/opt/homebrew/lib/python3.11/site-packages/flask/app.py", line 2190, in wsgi_app
    response = self.full_dispatch_request()
               ^^^^^^^^^^^^^^^^^^^^^^^^^^^^
  File "/opt/homebrew/lib/python3.11/site-packages/flask/app.py", line 1486, in full_dispatch_request
    rv = self.handle_user_exception(e)
         ^^^^^^^^^^^^^^^^^^^^^^^^^^^^^
  File "/opt/homebrew/lib/python3.11/site-packages/flask/app.py", line 1484, in full_dispatch_request
    rv = self.dispatch_request()
         ^^^^^^^^^^^^^^^^^^^^^^^
  File "/opt/homebrew/lib/python3.11/site-packages/flask/app.py", line 1469, in dispatch_request
    return self.ensure_sync(self.view_functions[rule.endpoint])(**view_args)
           ^^^^^^^^^^^^^^^^^^^^^^^^^^^^^^^^^^^^^^^^^^^^^^^^^^^^^^^^^^^^^^^^^
  File "/Users/biitu/Documents/ORG/Delfy/Final App/PDF_Extraction/main.py", line 100, in index
    return render_template('index.html')
           ^^^^^^^^^^^^^^^^^^^^^^^^^^^^^
  File "/opt/homebrew/lib/python3.11/site-packages/flask/templating.py", line 150, in render_template
    template = app.jinja_env.get_or_select_template(template_name_or_list)
               ^^^^^^^^^^^^^^^^^^^^^^^^^^^^^^^^^^^^^^^^^^^^^^^^^^^^^^^^^^^
  File "/opt/homebrew/lib/python3.11/site-packages/jinja2/environment.py", line 1081, in get_or_select_template
    return self.get_template(template_name_or_list, parent, globals)
           ^^^^^^^^^^^^^^^^^^^^^^^^^^^^^^^^^^^^^^^^^^^^^^^^^^^^^^^^^
  File "/opt/homebrew/lib/python3.11/site-packages/jinja2/environment.py", line 1010, in get_template
    return self._load_template(name, globals)
           ^^^^^^^^^^^^^^^^^^^^^^^^^^^^^^^^^^
  File "/opt/homebrew/lib/python3.11/site-packages/jinja2/environment.py", line 969, in _load_template
    template = self.loader.load(self, name, self.make_globals(globals))
               ^^^^^^^^^^^^^^^^^^^^^^^^^^^^^^^^^^^^^^^^^^^^^^^^^^^^^^^^
  File "/opt/homebrew/lib/python3.11/site-packages/jinja2/loaders.py", line 126, in load
    source, filename, uptodate = self.get_source(environment, name)
                                 ^^^^^^^^^^^^^^^^^^^^^^^^^^^^^^^^^^
  File "/opt/homebrew/lib/python3.11/site-packages/flask/templating.py", line 64, in get_source
    return self._get_source_fast(environment, template)
           ^^^^^^^^^^^^^^^^^^^^^^^^^^^^^^^^^^^^^^^^^^^^
  File "/opt/homebrew/lib/python3.11/site-packages/flask/templating.py", line 98, in _get_source_fast
    raise TemplateNotFound(template)
jinja2.exceptions.TemplateNotFound: index.html
27-09-2023 20:36:12 [REQ:cab1897d-0d24-4db0-920d-537e6ea8d831] ERROR Exception on / [GET]
Traceback (most recent call last):
  File "/opt/homebrew/lib/python3.11/site-packages/flask/app.py", line 2190, in wsgi_app
    response = self.full_dispatch_request()
               ^^^^^^^^^^^^^^^^^^^^^^^^^^^^
  File "/opt/homebrew/lib/python3.11/site-packages/flask/app.py", line 1486, in full_dispatch_request
    rv = self.handle_user_exception(e)
         ^^^^^^^^^^^^^^^^^^^^^^^^^^^^^
  File "/opt/homebrew/lib/python3.11/site-packages/flask/app.py", line 1484, in full_dispatch_request
    rv = self.dispatch_request()
         ^^^^^^^^^^^^^^^^^^^^^^^
  File "/opt/homebrew/lib/python3.11/site-packages/flask/app.py", line 1469, in dispatch_request
    return self.ensure_sync(self.view_functions[rule.endpoint])(**view_args)
           ^^^^^^^^^^^^^^^^^^^^^^^^^^^^^^^^^^^^^^^^^^^^^^^^^^^^^^^^^^^^^^^^^
  File "/Users/biitu/Documents/ORG/Delfy/Final App/PDF_Extraction/main.py", line 100, in index
    return render_template('index.html')
           ^^^^^^^^^^^^^^^^^^^^^^^^^^^^^
  File "/opt/homebrew/lib/python3.11/site-packages/flask/templating.py", line 150, in render_template
    template = app.jinja_env.get_or_select_template(template_name_or_list)
               ^^^^^^^^^^^^^^^^^^^^^^^^^^^^^^^^^^^^^^^^^^^^^^^^^^^^^^^^^^^
  File "/opt/homebrew/lib/python3.11/site-packages/jinja2/environment.py", line 1081, in get_or_select_template
    return self.get_template(template_name_or_list, parent, globals)
           ^^^^^^^^^^^^^^^^^^^^^^^^^^^^^^^^^^^^^^^^^^^^^^^^^^^^^^^^^
  File "/opt/homebrew/lib/python3.11/site-packages/jinja2/environment.py", line 1010, in get_template
    return self._load_template(name, globals)
           ^^^^^^^^^^^^^^^^^^^^^^^^^^^^^^^^^^
  File "/opt/homebrew/lib/python3.11/site-packages/jinja2/environment.py", line 969, in _load_template
    template = self.loader.load(self, name, self.make_globals(globals))
               ^^^^^^^^^^^^^^^^^^^^^^^^^^^^^^^^^^^^^^^^^^^^^^^^^^^^^^^^
  File "/opt/homebrew/lib/python3.11/site-packages/jinja2/loaders.py", line 126, in load
    source, filename, uptodate = self.get_source(environment, name)
                                 ^^^^^^^^^^^^^^^^^^^^^^^^^^^^^^^^^^
  File "/opt/homebrew/lib/python3.11/site-packages/flask/templating.py", line 64, in get_source
    return self._get_source_fast(environment, template)
           ^^^^^^^^^^^^^^^^^^^^^^^^^^^^^^^^^^^^^^^^^^^^
  File "/opt/homebrew/lib/python3.11/site-packages/flask/templating.py", line 98, in _get_source_fast
    raise TemplateNotFound(template)
jinja2.exceptions.TemplateNotFound: index.html
27-09-2023 20:39:09 [REQ:unknown] INFO Server starting
27-09-2023 20:39:09 [REQ:unknown] INFO Server Started
27-09-2023 20:39:53 [REQ:unknown] INFO Server starting
27-09-2023 20:39:53 [REQ:unknown] INFO Server Started
27-09-2023 20:39:53 [REQ:212d9271-4996-4b10-a31b-a89ad46eb7dc] INFO Health Checked
27-09-2023 20:39:55 [REQ:7a2d30e8-94ba-4773-b2aa-d0ab35a2684c] INFO api:- Got file Sample2.pdf from request
27-09-2023 20:39:55 [REQ:7a2d30e8-94ba-4773-b2aa-d0ab35a2684c] INFO api:- Trying to extract text
27-09-2023 20:39:55 [REQ:7a2d30e8-94ba-4773-b2aa-d0ab35a2684c] INFO api:- Setting pdfminer
27-09-2023 20:39:55 [REQ:7a2d30e8-94ba-4773-b2aa-d0ab35a2684c] INFO api:- Trying to extract text from Sample2.pdf
27-09-2023 20:39:55 [REQ:7a2d30e8-94ba-4773-b2aa-d0ab35a2684c] INFO api:- Closing pdfminer objects
27-09-2023 20:39:55 [REQ:7a2d30e8-94ba-4773-b2aa-d0ab35a2684c] INFO api:- Text extraction is successful
27-09-2023 20:41:15 [REQ:unknown] INFO Server starting
27-09-2023 20:41:15 [REQ:unknown] INFO Server Started
27-09-2023 20:46:22 [REQ:3f6038cd-8977-4da3-af14-e1978e74df82] INFO web:- Trying to extract text
27-09-2023 20:46:22 [REQ:3f6038cd-8977-4da3-af14-e1978e74df82] INFO web:- Setting pdfminer
27-09-2023 20:46:22 [REQ:3f6038cd-8977-4da3-af14-e1978e74df82] INFO web:- Trying to extract text from Addendum_Gourav_Sep 2023.pdf
27-09-2023 20:46:22 [REQ:3f6038cd-8977-4da3-af14-e1978e74df82] INFO web:- Closing pdfminer objects
27-09-2023 20:46:22 [REQ:3f6038cd-8977-4da3-af14-e1978e74df82] INFO web:- Text extraction is successful
27-09-2023 20:46:55 [REQ:unknown] INFO Server starting
27-09-2023 20:46:55 [REQ:unknown] INFO Server Started
27-09-2023 20:48:07 [REQ:d8d71d1d-888b-415c-b7ae-7d6d1f2d1dfc] INFO web:- Trying to extract text
27-09-2023 20:48:07 [REQ:d8d71d1d-888b-415c-b7ae-7d6d1f2d1dfc] INFO web:- Setting pdfminer
27-09-2023 20:48:07 [REQ:d8d71d1d-888b-415c-b7ae-7d6d1f2d1dfc] INFO web:- Trying to extract text from Sample2.pdf
27-09-2023 20:48:07 [REQ:d8d71d1d-888b-415c-b7ae-7d6d1f2d1dfc] INFO web:- Closing pdfminer objects
27-09-2023 20:48:07 [REQ:d8d71d1d-888b-415c-b7ae-7d6d1f2d1dfc] INFO web:- Text extraction is successful
27-09-2023 20:48:07 [REQ:d8d71d1d-888b-415c-b7ae-7d6d1f2d1dfc] INFO web:- Trying to extract text
27-09-2023 20:48:07 [REQ:d8d71d1d-888b-415c-b7ae-7d6d1f2d1dfc] INFO web:- Setting pdfminer
27-09-2023 20:48:07 [REQ:d8d71d1d-888b-415c-b7ae-7d6d1f2d1dfc] INFO web:- Trying to extract text from Sample3.pdf
27-09-2023 20:48:07 [REQ:d8d71d1d-888b-415c-b7ae-7d6d1f2d1dfc] INFO web:- Closing pdfminer objects
27-09-2023 20:48:07 [REQ:d8d71d1d-888b-415c-b7ae-7d6d1f2d1dfc] INFO web:- Text extraction is successful
27-09-2023 20:48:40 [REQ:unknown] INFO Server starting
27-09-2023 20:48:40 [REQ:unknown] INFO Server Started
27-09-2023 20:53:02 [REQ:44766034-f053-425e-a110-0816d3d8ea31] INFO web:- Got size 50MB
27-09-2023 20:53:02 [REQ:44766034-f053-425e-a110-0816d3d8ea31] WARNING web:- File size is larger then 10MB
27-09-2023 20:56:21 [REQ:unknown] INFO Server starting
27-09-2023 20:56:21 [REQ:unknown] INFO Server Started
27-09-2023 20:57:23 [REQ:429a1529-c704-437a-a9eb-c7270966daa6] INFO web:- Got size 50MB
27-09-2023 20:57:23 [REQ:429a1529-c704-437a-a9eb-c7270966daa6] WARNING web:- File size is larger then 25MB
27-09-2023 21:12:39 [REQ:unknown] INFO Server starting
27-09-2023 21:12:39 [REQ:unknown] INFO Server Started
27-09-2023 21:13:49 [REQ:4b28bceb-429d-40d5-819c-64c6ef9d2e1e] INFO web:- Got size 50MB
27-09-2023 21:13:49 [REQ:4b28bceb-429d-40d5-819c-64c6ef9d2e1e] WARNING web:- File size is larger then 25MB
27-09-2023 21:20:40 [REQ:unknown] INFO Server starting
27-09-2023 21:20:40 [REQ:unknown] INFO Server Started
27-09-2023 21:21:12 [REQ:unknown] INFO Server starting
27-09-2023 21:21:12 [REQ:unknown] INFO Server Started
27-09-2023 21:22:07 [REQ:e26a4d0e-ce3b-47a9-8004-7eda295f138d] INFO web:- Got size 50MB
27-09-2023 21:22:07 [REQ:e26a4d0e-ce3b-47a9-8004-7eda295f138d] WARNING web:- File size is larger then 25MB
27-09-2023 21:29:35 [REQ:unknown] INFO Server starting
27-09-2023 21:29:35 [REQ:unknown] INFO Server Started
27-09-2023 21:30:07 [REQ:unknown] INFO Server starting
27-09-2023 21:30:07 [REQ:unknown] INFO Server Started
27-09-2023 21:30:39 [REQ:aac700f5-279a-4abd-a274-f462e8daa33f] INFO web:- Got size 50MB
27-09-2023 21:30:39 [REQ:aac700f5-279a-4abd-a274-f462e8daa33f] WARNING web:- File size is larger then 25MB
27-09-2023 21:34:59 [REQ:unknown] INFO Server starting
27-09-2023 21:34:59 [REQ:unknown] INFO Server Started
27-09-2023 21:35:34 [REQ:unknown] INFO Server starting
27-09-2023 21:35:34 [REQ:unknown] INFO Server Started
27-09-2023 21:36:04 [REQ:a4fb1f50-8e84-4050-b695-9f87b1f14ddb] INFO web:- Got size 50MB
27-09-2023 21:36:04 [REQ:a4fb1f50-8e84-4050-b695-9f87b1f14ddb] WARNING web:- File size is larger then 25MB
27-09-2023 21:36:04 [REQ:a4fb1f50-8e84-4050-b695-9f87b1f14ddb] ERROR Exception on /upload [POST]
Traceback (most recent call last):
  File "/opt/homebrew/lib/python3.11/site-packages/flask/app.py", line 2190, in wsgi_app
    response = self.full_dispatch_request()
               ^^^^^^^^^^^^^^^^^^^^^^^^^^^^
  File "/opt/homebrew/lib/python3.11/site-packages/flask/app.py", line 1486, in full_dispatch_request
    rv = self.handle_user_exception(e)
         ^^^^^^^^^^^^^^^^^^^^^^^^^^^^^
  File "/opt/homebrew/lib/python3.11/site-packages/flask/app.py", line 1484, in full_dispatch_request
    rv = self.dispatch_request()
         ^^^^^^^^^^^^^^^^^^^^^^^
  File "/opt/homebrew/lib/python3.11/site-packages/flask/app.py", line 1469, in dispatch_request
    return self.ensure_sync(self.view_functions[rule.endpoint])(**view_args)
           ^^^^^^^^^^^^^^^^^^^^^^^^^^^^^^^^^^^^^^^^^^^^^^^^^^^^^^^^^^^^^^^^^
  File "/Users/biitu/Documents/ORG/Delfy/Final App/PDF_Extraction/main.py", line 97, in upload_files
    return render_template('results.html', extracted_texts=extracted_texts)
           ^^^^^^^^^^^^^^^^^^^^^^^^^^^^^^^^^^^^^^^^^^^^^^^^^^^^^^^^^^^^^^^^
  File "/opt/homebrew/lib/python3.11/site-packages/flask/templating.py", line 151, in render_template
    return _render(app, template, context)
           ^^^^^^^^^^^^^^^^^^^^^^^^^^^^^^^
  File "/opt/homebrew/lib/python3.11/site-packages/flask/templating.py", line 132, in _render
    rv = template.render(context)
         ^^^^^^^^^^^^^^^^^^^^^^^^
  File "/opt/homebrew/lib/python3.11/site-packages/jinja2/environment.py", line 1301, in render
    self.environment.handle_exception()
  File "/opt/homebrew/lib/python3.11/site-packages/jinja2/environment.py", line 936, in handle_exception
    raise rewrite_traceback_stack(source=source)
  File "/Users/biitu/Documents/ORG/Delfy/Final App/PDF_Extraction/templates/results.html", line 9, in top-level template code
    {% if len(extracted_texts[filename]) == 0 %}
    ^^^^^^^^^^^^^^^^^^^^^^^^^
  File "/opt/homebrew/lib/python3.11/site-packages/jinja2/utils.py", line 83, in from_obj
    if hasattr(obj, "jinja_pass_arg"):
       ^^^^^^^^^^^^^^^^^^^^^^^^^^^^^^
jinja2.exceptions.UndefinedError: 'len' is undefined
27-09-2023 21:37:11 [REQ:unknown] INFO Server starting
27-09-2023 21:37:11 [REQ:unknown] INFO Server Started
27-09-2023 22:06:22 [REQ:unknown] INFO Server starting
27-09-2023 22:06:22 [REQ:unknown] INFO Server Started
27-09-2023 22:21:24 [REQ:unknown] INFO Server starting
27-09-2023 22:21:24 [REQ:unknown] INFO Server Started
27-09-2023 22:37:12 [REQ:unknown] INFO Server starting
27-09-2023 22:37:12 [REQ:unknown] INFO Server Started
27-09-2023 22:39:48 [REQ:unknown] INFO Server starting
27-09-2023 22:39:48 [REQ:unknown] INFO Server Started
27-09-2023 22:39:59 [REQ:unknown] INFO Server starting
27-09-2023 22:39:59 [REQ:unknown] INFO Server Started
27-09-2023 22:40:16 [REQ:f33bf445-3abc-4b23-a44f-010782fb4ec3] INFO web:- Got size 50MB
27-09-2023 22:40:16 [REQ:f33bf445-3abc-4b23-a44f-010782fb4ec3] WARNING web:- File size is larger then 25MB
27-09-2023 22:40:16 [REQ:f33bf445-3abc-4b23-a44f-010782fb4ec3] ERROR Exception on /upload [POST]
Traceback (most recent call last):
  File "/opt/homebrew/lib/python3.11/site-packages/flask/app.py", line 2190, in wsgi_app
    response = self.full_dispatch_request()
               ^^^^^^^^^^^^^^^^^^^^^^^^^^^^
  File "/opt/homebrew/lib/python3.11/site-packages/flask/app.py", line 1486, in full_dispatch_request
    rv = self.handle_user_exception(e)
         ^^^^^^^^^^^^^^^^^^^^^^^^^^^^^
  File "/opt/homebrew/lib/python3.11/site-packages/flask/app.py", line 1484, in full_dispatch_request
    rv = self.dispatch_request()
         ^^^^^^^^^^^^^^^^^^^^^^^
  File "/opt/homebrew/lib/python3.11/site-packages/flask/app.py", line 1469, in dispatch_request
    return self.ensure_sync(self.view_functions[rule.endpoint])(**view_args)
           ^^^^^^^^^^^^^^^^^^^^^^^^^^^^^^^^^^^^^^^^^^^^^^^^^^^^^^^^^^^^^^^^^
  File "/Users/biitu/Documents/ORG/Delfy/Final App/PDF_Extraction/main.py", line 97, in upload_files
    return render_template('results.html', extracted_texts=extracted_texts)
           ^^^^^^^^^^^^^^^^^^^^^^^^^^^^^^^^^^^^^^^^^^^^^^^^^^^^^^^^^^^^^^^^
  File "/opt/homebrew/lib/python3.11/site-packages/flask/templating.py", line 151, in render_template
    return _render(app, template, context)
           ^^^^^^^^^^^^^^^^^^^^^^^^^^^^^^^
  File "/opt/homebrew/lib/python3.11/site-packages/flask/templating.py", line 132, in _render
    rv = template.render(context)
         ^^^^^^^^^^^^^^^^^^^^^^^^
  File "/opt/homebrew/lib/python3.11/site-packages/jinja2/environment.py", line 1301, in render
    self.environment.handle_exception()
  File "/opt/homebrew/lib/python3.11/site-packages/jinja2/environment.py", line 936, in handle_exception
    raise rewrite_traceback_stack(source=source)
  File "/Users/biitu/Documents/ORG/Delfy/Final App/PDF_Extraction/templates/results.html", line 9, in top-level template code
    {% if len(extracted_texts[filename]) == 0 %}
    ^^^^^^^^^^^^^^^^^^^^^^^^^
  File "/opt/homebrew/lib/python3.11/site-packages/jinja2/utils.py", line 83, in from_obj
    if hasattr(obj, "jinja_pass_arg"):
       ^^^^^^^^^^^^^^^^^^^^^^^^^^^^^^
jinja2.exceptions.UndefinedError: 'len' is undefined
27-09-2023 22:41:44 [REQ:unknown] INFO Server starting
27-09-2023 22:41:44 [REQ:unknown] INFO Server Started
27-09-2023 22:42:01 [REQ:b9e08410-e9f4-4a99-9d92-925175b53742] INFO web:- Got size 50MB
27-09-2023 22:42:01 [REQ:b9e08410-e9f4-4a99-9d92-925175b53742] WARNING web:- File size is larger then 25MB
27-09-2023 22:42:41 [REQ:unknown] INFO Server starting
27-09-2023 22:42:41 [REQ:unknown] INFO Server Started
27-09-2023 22:43:03 [REQ:d32b4e77-3d94-4959-abd8-84164be33e25] INFO web:- Got size 50MB
27-09-2023 22:43:03 [REQ:d32b4e77-3d94-4959-abd8-84164be33e25] WARNING web:- File size is larger then 25MB
27-09-2023 22:43:03 [REQ:d32b4e77-3d94-4959-abd8-84164be33e25] INFO web:- Trying to extract text
27-09-2023 22:43:03 [REQ:d32b4e77-3d94-4959-abd8-84164be33e25] INFO web:- Setting pdfminer
27-09-2023 22:43:03 [REQ:d32b4e77-3d94-4959-abd8-84164be33e25] INFO web:- Trying to extract text from Sample2.pdf
27-09-2023 22:43:03 [REQ:d32b4e77-3d94-4959-abd8-84164be33e25] INFO web:- Closing pdfminer objects
27-09-2023 22:43:03 [REQ:d32b4e77-3d94-4959-abd8-84164be33e25] INFO web:- Text extraction is successful
27-09-2023 22:43:03 [REQ:d32b4e77-3d94-4959-abd8-84164be33e25] INFO web:- Trying to extract text
27-09-2023 22:43:03 [REQ:d32b4e77-3d94-4959-abd8-84164be33e25] INFO web:- Setting pdfminer
27-09-2023 22:43:03 [REQ:d32b4e77-3d94-4959-abd8-84164be33e25] INFO web:- Trying to extract text from Sample3.pdf
27-09-2023 22:43:03 [REQ:d32b4e77-3d94-4959-abd8-84164be33e25] INFO web:- Closing pdfminer objects
27-09-2023 22:43:03 [REQ:d32b4e77-3d94-4959-abd8-84164be33e25] INFO web:- Text extraction is successful
27-09-2023 22:43:32 [REQ:unknown] INFO Server starting
27-09-2023 22:43:32 [REQ:unknown] INFO Server Started
27-09-2023 22:44:05 [REQ:unknown] INFO Server starting
27-09-2023 22:44:05 [REQ:unknown] INFO Server Started
27-09-2023 22:44:21 [REQ:c25a6cd2-aba2-488c-8d59-9dff430eacb4] INFO web:- Got size 50MB
27-09-2023 22:44:21 [REQ:c25a6cd2-aba2-488c-8d59-9dff430eacb4] WARNING web:- File size is larger then 25MB
27-09-2023 22:44:21 [REQ:c25a6cd2-aba2-488c-8d59-9dff430eacb4] INFO web:- Trying to extract text
27-09-2023 22:44:21 [REQ:c25a6cd2-aba2-488c-8d59-9dff430eacb4] INFO web:- Setting pdfminer
27-09-2023 22:44:21 [REQ:c25a6cd2-aba2-488c-8d59-9dff430eacb4] INFO web:- Trying to extract text from Sample2.pdf
27-09-2023 22:44:21 [REQ:c25a6cd2-aba2-488c-8d59-9dff430eacb4] INFO web:- Closing pdfminer objects
27-09-2023 22:44:21 [REQ:c25a6cd2-aba2-488c-8d59-9dff430eacb4] INFO web:- Text extraction is successful
27-09-2023 22:44:21 [REQ:c25a6cd2-aba2-488c-8d59-9dff430eacb4] INFO web:- Trying to extract text
27-09-2023 22:44:21 [REQ:c25a6cd2-aba2-488c-8d59-9dff430eacb4] INFO web:- Setting pdfminer
27-09-2023 22:44:21 [REQ:c25a6cd2-aba2-488c-8d59-9dff430eacb4] INFO web:- Trying to extract text from Sample3.pdf
27-09-2023 22:44:21 [REQ:c25a6cd2-aba2-488c-8d59-9dff430eacb4] INFO web:- Closing pdfminer objects
27-09-2023 22:44:21 [REQ:c25a6cd2-aba2-488c-8d59-9dff430eacb4] INFO web:- Text extraction is successful
05-10-2023 21:10:28 [REQ:unknown] INFO Server starting
05-10-2023 21:10:28 [REQ:unknown] INFO Server Started
05-10-2023 21:10:28 [REQ:unknown] INFO [31m[1mWARNING: This is a development server. Do not use it in a production deployment. Use a production WSGI server instead.[0m
 * Running on http://127.0.0.1:5000
05-10-2023 21:10:28 [REQ:unknown] INFO [33mPress CTRL+C to quit[0m
05-10-2023 21:10:28 [REQ:unknown] INFO  * Restarting with stat
05-10-2023 21:10:28 [REQ:unknown] INFO Server starting
05-10-2023 21:10:28 [REQ:unknown] INFO Server Started
05-10-2023 21:10:28 [REQ:unknown] WARNING  * Debugger is active!
05-10-2023 21:10:28 [REQ:unknown] INFO  * Debugger PIN: 193-327-362
05-10-2023 21:10:57 [REQ:unknown] INFO 127.0.0.1 - - [05/Oct/2023 21:10:57] "GET / HTTP/1.1" 200 -
05-10-2023 21:10:59 [REQ:unknown] INFO 127.0.0.1 - - [05/Oct/2023 21:10:59] "[33mGET /favicon.ico HTTP/1.1[0m" 404 -
05-10-2023 21:11:18 [REQ:c4a3053e-0d47-45d0-a5ba-c02d7e2dfd30] INFO web:- Trying to extract text
05-10-2023 21:11:18 [REQ:c4a3053e-0d47-45d0-a5ba-c02d7e2dfd30] INFO web:- Setting pdfminer
05-10-2023 21:11:18 [REQ:c4a3053e-0d47-45d0-a5ba-c02d7e2dfd30] INFO web:- Trying to extract text from DMDave Adventure - Vines (1st Level).pdf
05-10-2023 21:11:20 [REQ:c4a3053e-0d47-45d0-a5ba-c02d7e2dfd30] INFO web:- Closing pdfminer objects
05-10-2023 21:11:20 [REQ:c4a3053e-0d47-45d0-a5ba-c02d7e2dfd30] INFO web:- Text extraction is successful
05-10-2023 21:11:20 [REQ:unknown] INFO 127.0.0.1 - - [05/Oct/2023 21:11:20] "POST /upload HTTP/1.1" 200 -
05-10-2023 21:42:23 [REQ:unknown] INFO  * Detected change in '/Users/ankitkarwasara/Documents/Shared/Gourav/PDF_Extraction/pdf.py', reloading
05-10-2023 21:42:23 [REQ:unknown] INFO  * Restarting with stat
05-10-2023 21:42:24 [REQ:unknown] INFO Server starting
05-10-2023 21:42:24 [REQ:unknown] INFO Server Started
05-10-2023 21:42:24 [REQ:unknown] WARNING  * Debugger is active!
05-10-2023 21:42:24 [REQ:unknown] INFO  * Debugger PIN: 193-327-362
05-10-2023 21:42:24 [REQ:unknown] INFO  * Detected change in '/Users/ankitkarwasara/Documents/Shared/Gourav/PDF_Extraction/pdf.py', reloading
05-10-2023 21:42:25 [REQ:unknown] INFO  * Restarting with stat
05-10-2023 21:42:25 [REQ:unknown] INFO Server starting
05-10-2023 21:42:25 [REQ:unknown] INFO Server Started
05-10-2023 21:42:25 [REQ:unknown] WARNING  * Debugger is active!
05-10-2023 21:42:25 [REQ:unknown] INFO  * Debugger PIN: 193-327-362
05-10-2023 21:42:34 [REQ:unknown] INFO  * Detected change in '/Users/ankitkarwasara/Documents/Shared/Gourav/PDF_Extraction/pdf.py', reloading
05-10-2023 21:42:34 [REQ:unknown] INFO  * Restarting with stat
05-10-2023 21:42:34 [REQ:unknown] INFO Server starting
05-10-2023 21:42:34 [REQ:unknown] INFO Server Started
05-10-2023 21:42:34 [REQ:unknown] WARNING  * Debugger is active!
05-10-2023 21:42:34 [REQ:unknown] INFO  * Debugger PIN: 193-327-362
05-10-2023 21:42:35 [REQ:f805894a-8487-45b3-ac3d-1f2a870a656c] INFO web:- Trying to extract text
05-10-2023 21:42:35 [REQ:f805894a-8487-45b3-ac3d-1f2a870a656c] INFO web:- Setting pdfminer
05-10-2023 21:42:35 [REQ:f805894a-8487-45b3-ac3d-1f2a870a656c] INFO web:- Trying to extract text from DMDave Adventure - Vines (1st Level).pdf
05-10-2023 21:42:37 [REQ:f805894a-8487-45b3-ac3d-1f2a870a656c] INFO web:- Closing pdfminer objects
05-10-2023 21:42:37 [REQ:f805894a-8487-45b3-ac3d-1f2a870a656c] INFO web:- Text extraction is successful
05-10-2023 21:42:37 [REQ:unknown] INFO 127.0.0.1 - - [05/Oct/2023 21:42:37] "POST /upload HTTP/1.1" 200 -
16-10-2023 17:52:02 [REQ:unknown] INFO Server starting
16-10-2023 17:52:02 [REQ:unknown] INFO Server Started
16-10-2023 17:52:02 [REQ:unknown] INFO [31m[1mWARNING: This is a development server. Do not use it in a production deployment. Use a production WSGI server instead.[0m
 * Running on http://127.0.0.1:5000
16-10-2023 17:52:02 [REQ:unknown] INFO [33mPress CTRL+C to quit[0m
16-10-2023 17:52:02 [REQ:unknown] INFO  * Restarting with stat
16-10-2023 17:52:02 [REQ:unknown] INFO Server starting
16-10-2023 17:52:02 [REQ:unknown] INFO Server Started
16-10-2023 17:52:02 [REQ:unknown] WARNING  * Debugger is active!
16-10-2023 17:52:02 [REQ:unknown] INFO  * Debugger PIN: 275-423-893
16-10-2023 17:52:55 [REQ:unknown] INFO 127.0.0.1 - - [16/Oct/2023 17:52:55] "GET / HTTP/1.1" 200 -
16-10-2023 17:53:41 [REQ:2ec463c9-3199-48f4-a7f3-21e3409de995] INFO web:- Trying to extract text
16-10-2023 17:53:41 [REQ:2ec463c9-3199-48f4-a7f3-21e3409de995] INFO web:- Setting pdfminer
16-10-2023 17:53:41 [REQ:2ec463c9-3199-48f4-a7f3-21e3409de995] INFO web:- Trying to extract text from The-Art-of-the-Pitch_-Persuasion-and-Presentation-Skills-that-Win-Business-by-Peter-Coughter1.pdf
16-10-2023 17:53:45 [REQ:2ec463c9-3199-48f4-a7f3-21e3409de995] INFO web:- Closing pdfminer objects
16-10-2023 17:53:45 [REQ:2ec463c9-3199-48f4-a7f3-21e3409de995] INFO web:- Text extraction is successful
16-10-2023 17:53:45 [REQ:unknown] INFO 127.0.0.1 - - [16/Oct/2023 17:53:45] "POST /upload HTTP/1.1" 200 -
21-07-2025 16:17:36 [REQ:unknown] INFO Server starting
21-07-2025 16:17:36 [REQ:unknown] INFO Server Started
21-07-2025 16:17:36 [REQ:unknown] INFO [31m[1mWARNING: This is a development server. Do not use it in a production deployment. Use a production WSGI server instead.[0m
 * Running on http://127.0.0.1:5000
21-07-2025 16:17:36 [REQ:unknown] INFO [33mPress CTRL+C to quit[0m
21-07-2025 16:17:36 [REQ:unknown] INFO  * Restarting with stat
21-07-2025 16:17:36 [REQ:unknown] INFO Server starting
21-07-2025 16:17:36 [REQ:unknown] INFO Server Started
21-07-2025 16:17:36 [REQ:unknown] WARNING  * Debugger is active!
21-07-2025 16:17:36 [REQ:unknown] INFO  * Debugger PIN: 117-065-093
21-07-2025 16:18:41 [REQ:unknown] INFO 127.0.0.1 - - [21/Jul/2025 16:18:41] "GET / HTTP/1.1" 200 -
21-07-2025 16:18:41 [REQ:unknown] INFO 127.0.0.1 - - [21/Jul/2025 16:18:41] "[33mGET /favicon.ico HTTP/1.1[0m" 404 -
21-07-2025 16:18:52 [REQ:95dbc857-3adc-4c59-a163-7a1a7fddc8f5] INFO web:- Trying to extract text
21-07-2025 16:18:52 [REQ:95dbc857-3adc-4c59-a163-7a1a7fddc8f5] INFO web:- Setting pdfminer
21-07-2025 16:18:52 [REQ:95dbc857-3adc-4c59-a163-7a1a7fddc8f5] INFO web:- Trying to extract text from DMDave Adventure - Vines (1st Level).pdf
21-07-2025 16:18:53 [REQ:95dbc857-3adc-4c59-a163-7a1a7fddc8f5] INFO web:- Closing pdfminer objects
21-07-2025 16:18:53 [REQ:95dbc857-3adc-4c59-a163-7a1a7fddc8f5] INFO web:- Text extraction is successful
21-07-2025 16:18:53 [REQ:unknown] INFO 127.0.0.1 - - [21/Jul/2025 16:18:53] "POST /upload HTTP/1.1" 200 -
21-07-2025 16:22:37 [REQ:unknown] INFO  * Detected change in '/Users/ankitkarwasara/Downloads/PDF_Extraction/main.py', reloading
21-07-2025 16:22:37 [REQ:unknown] INFO  * Restarting with stat
21-07-2025 16:22:37 [REQ:unknown] INFO Server starting
21-07-2025 16:22:37 [REQ:unknown] INFO Server Started
21-07-2025 16:22:37 [REQ:unknown] WARNING  * Debugger is active!
21-07-2025 16:22:37 [REQ:unknown] INFO  * Debugger PIN: 117-065-093
21-07-2025 16:23:15 [REQ:unknown] INFO 127.0.0.1 - - [21/Jul/2025 16:23:15] "GET / HTTP/1.1" 200 -
21-07-2025 16:23:21 [REQ:98d33b07-15a9-4e9f-a8e8-cd3a3a0cd569] INFO web:- Got file DMDave_Adventure_-_Vines_1st_Level.pdf from request
21-07-2025 16:23:21 [REQ:98d33b07-15a9-4e9f-a8e8-cd3a3a0cd569] INFO web:- Trying to extract text from DMDave_Adventure_-_Vines_1st_Level.pdf
21-07-2025 16:23:21 [REQ:98d33b07-15a9-4e9f-a8e8-cd3a3a0cd569] INFO web:- Setting pdfminer
21-07-2025 16:23:21 [REQ:98d33b07-15a9-4e9f-a8e8-cd3a3a0cd569] INFO web:- Trying to extract text from DMDave Adventure - Vines (1st Level).pdf
21-07-2025 16:23:22 [REQ:98d33b07-15a9-4e9f-a8e8-cd3a3a0cd569] INFO web:- Closing pdfminer objects
21-07-2025 16:23:22 [REQ:98d33b07-15a9-4e9f-a8e8-cd3a3a0cd569] INFO web:- Text extraction is successful for DMDave_Adventure_-_Vines_1st_Level.pdf
21-07-2025 16:23:22 [REQ:unknown] INFO 127.0.0.1 - - [21/Jul/2025 16:23:22] "[35m[1mPOST /upload HTTP/1.1[0m" 500 -
21-07-2025 16:23:22 [REQ:unknown] INFO 127.0.0.1 - - [21/Jul/2025 16:23:22] "GET /upload?__debugger__=yes&cmd=resource&f=debugger.js HTTP/1.1" 200 -
21-07-2025 16:23:22 [REQ:unknown] INFO 127.0.0.1 - - [21/Jul/2025 16:23:22] "GET /upload?__debugger__=yes&cmd=resource&f=style.css HTTP/1.1" 200 -
21-07-2025 16:23:22 [REQ:unknown] INFO 127.0.0.1 - - [21/Jul/2025 16:23:22] "GET /upload?__debugger__=yes&cmd=resource&f=console.png HTTP/1.1" 200 -
21-07-2025 16:23:22 [REQ:unknown] INFO 127.0.0.1 - - [21/Jul/2025 16:23:22] "[36mGET /upload?__debugger__=yes&cmd=resource&f=console.png HTTP/1.1[0m" 304 -
21-07-2025 16:23:34 [REQ:unknown] INFO Server starting
21-07-2025 16:23:34 [REQ:unknown] INFO Server Started
21-07-2025 16:23:34 [REQ:unknown] INFO [31m[1mWARNING: This is a development server. Do not use it in a production deployment. Use a production WSGI server instead.[0m
 * Running on http://127.0.0.1:5000
21-07-2025 16:23:34 [REQ:unknown] INFO [33mPress CTRL+C to quit[0m
21-07-2025 16:23:34 [REQ:unknown] INFO  * Restarting with stat
21-07-2025 16:23:34 [REQ:unknown] INFO Server starting
21-07-2025 16:23:34 [REQ:unknown] INFO Server Started
21-07-2025 16:23:34 [REQ:unknown] WARNING  * Debugger is active!
21-07-2025 16:23:34 [REQ:unknown] INFO  * Debugger PIN: 117-065-093
21-07-2025 16:23:41 [REQ:84d0bf13-1fc6-4332-ba88-d4fa19c9bd77] INFO web:- Got file DMDave_Adventure_-_Vines_1st_Level.pdf from request
21-07-2025 16:23:41 [REQ:84d0bf13-1fc6-4332-ba88-d4fa19c9bd77] INFO web:- Trying to extract text from DMDave_Adventure_-_Vines_1st_Level.pdf
21-07-2025 16:23:41 [REQ:84d0bf13-1fc6-4332-ba88-d4fa19c9bd77] INFO web:- Setting pdfminer
21-07-2025 16:23:41 [REQ:84d0bf13-1fc6-4332-ba88-d4fa19c9bd77] INFO web:- Trying to extract text from DMDave Adventure - Vines (1st Level).pdf
21-07-2025 16:23:42 [REQ:84d0bf13-1fc6-4332-ba88-d4fa19c9bd77] INFO web:- Closing pdfminer objects
21-07-2025 16:23:42 [REQ:84d0bf13-1fc6-4332-ba88-d4fa19c9bd77] INFO web:- Text extraction is successful for DMDave_Adventure_-_Vines_1st_Level.pdf
21-07-2025 16:23:42 [REQ:unknown] INFO 127.0.0.1 - - [21/Jul/2025 16:23:42] "[35m[1mPOST /upload HTTP/1.1[0m" 500 -
21-07-2025 16:23:42 [REQ:unknown] INFO 127.0.0.1 - - [21/Jul/2025 16:23:42] "[36mGET /upload?__debugger__=yes&cmd=resource&f=style.css HTTP/1.1[0m" 304 -
21-07-2025 16:23:42 [REQ:unknown] INFO 127.0.0.1 - - [21/Jul/2025 16:23:42] "[36mGET /upload?__debugger__=yes&cmd=resource&f=debugger.js HTTP/1.1[0m" 304 -
21-07-2025 16:23:42 [REQ:unknown] INFO 127.0.0.1 - - [21/Jul/2025 16:23:42] "[36mGET /upload?__debugger__=yes&cmd=resource&f=console.png HTTP/1.1[0m" 304 -
21-07-2025 16:23:42 [REQ:unknown] INFO 127.0.0.1 - - [21/Jul/2025 16:23:42] "[36mGET /upload?__debugger__=yes&cmd=resource&f=console.png HTTP/1.1[0m" 304 -
21-07-2025 16:23:52 [REQ:363d0b17-8bc3-4638-82de-e7d1069d588f] INFO web:- Got file DMDave_Adventure_-_Vines_1st_Level.pdf from request
21-07-2025 16:23:52 [REQ:363d0b17-8bc3-4638-82de-e7d1069d588f] INFO web:- Trying to extract text from DMDave_Adventure_-_Vines_1st_Level.pdf
21-07-2025 16:23:52 [REQ:363d0b17-8bc3-4638-82de-e7d1069d588f] INFO web:- Setting pdfminer
21-07-2025 16:23:52 [REQ:363d0b17-8bc3-4638-82de-e7d1069d588f] INFO web:- Trying to extract text from DMDave Adventure - Vines (1st Level).pdf
21-07-2025 16:23:53 [REQ:363d0b17-8bc3-4638-82de-e7d1069d588f] INFO web:- Closing pdfminer objects
21-07-2025 16:23:53 [REQ:363d0b17-8bc3-4638-82de-e7d1069d588f] INFO web:- Text extraction is successful for DMDave_Adventure_-_Vines_1st_Level.pdf
21-07-2025 16:23:53 [REQ:unknown] INFO 127.0.0.1 - - [21/Jul/2025 16:23:53] "[35m[1mPOST /upload HTTP/1.1[0m" 500 -
21-07-2025 16:23:53 [REQ:unknown] INFO 127.0.0.1 - - [21/Jul/2025 16:23:53] "[36mGET /upload?__debugger__=yes&cmd=resource&f=debugger.js HTTP/1.1[0m" 304 -
21-07-2025 16:23:53 [REQ:unknown] INFO 127.0.0.1 - - [21/Jul/2025 16:23:53] "[36mGET /upload?__debugger__=yes&cmd=resource&f=style.css HTTP/1.1[0m" 304 -
21-07-2025 16:23:53 [REQ:unknown] INFO 127.0.0.1 - - [21/Jul/2025 16:23:53] "[36mGET /upload?__debugger__=yes&cmd=resource&f=console.png HTTP/1.1[0m" 304 -
21-07-2025 16:24:46 [REQ:5348111d-7a52-4cf5-9fea-271c18a380af] INFO web:- Got file DMDave_Adventure_-_Vines_1st_Level.pdf from request
21-07-2025 16:24:46 [REQ:5348111d-7a52-4cf5-9fea-271c18a380af] INFO web:- Trying to extract text from DMDave_Adventure_-_Vines_1st_Level.pdf
21-07-2025 16:24:46 [REQ:5348111d-7a52-4cf5-9fea-271c18a380af] INFO web:- Setting pdfminer
21-07-2025 16:24:46 [REQ:5348111d-7a52-4cf5-9fea-271c18a380af] INFO web:- Trying to extract text from DMDave Adventure - Vines (1st Level).pdf
21-07-2025 16:24:46 [REQ:5348111d-7a52-4cf5-9fea-271c18a380af] INFO web:- Closing pdfminer objects
21-07-2025 16:24:46 [REQ:5348111d-7a52-4cf5-9fea-271c18a380af] INFO web:- Text extraction is successful for DMDave_Adventure_-_Vines_1st_Level.pdf
21-07-2025 16:24:46 [REQ:unknown] INFO 127.0.0.1 - - [21/Jul/2025 16:24:46] "[35m[1mPOST /upload HTTP/1.1[0m" 500 -
21-07-2025 16:24:46 [REQ:unknown] INFO 127.0.0.1 - - [21/Jul/2025 16:24:46] "[36mGET /upload?__debugger__=yes&cmd=resource&f=style.css HTTP/1.1[0m" 304 -
21-07-2025 16:24:46 [REQ:unknown] INFO 127.0.0.1 - - [21/Jul/2025 16:24:46] "[36mGET /upload?__debugger__=yes&cmd=resource&f=debugger.js HTTP/1.1[0m" 304 -
21-07-2025 16:24:46 [REQ:unknown] INFO 127.0.0.1 - - [21/Jul/2025 16:24:46] "[36mGET /upload?__debugger__=yes&cmd=resource&f=console.png HTTP/1.1[0m" 304 -
21-07-2025 16:25:02 [REQ:unknown] INFO Server starting
21-07-2025 16:25:02 [REQ:unknown] INFO Server Started
21-07-2025 16:25:02 [REQ:unknown] INFO [31m[1mWARNING: This is a development server. Do not use it in a production deployment. Use a production WSGI server instead.[0m
 * Running on http://127.0.0.1:5000
21-07-2025 16:25:02 [REQ:unknown] INFO [33mPress CTRL+C to quit[0m
21-07-2025 16:25:02 [REQ:unknown] INFO  * Restarting with stat
21-07-2025 16:25:02 [REQ:unknown] INFO Server starting
21-07-2025 16:25:02 [REQ:unknown] INFO Server Started
21-07-2025 16:25:02 [REQ:unknown] WARNING  * Debugger is active!
21-07-2025 16:25:02 [REQ:unknown] INFO  * Debugger PIN: 117-065-093
21-07-2025 16:25:04 [REQ:unknown] INFO 127.0.0.1 - - [21/Jul/2025 16:25:04] "GET / HTTP/1.1" 200 -
21-07-2025 16:25:10 [REQ:5a69a3ff-2d21-456d-a50b-d694a1a9a8ec] INFO web:- Got file DMDave_Adventure_-_Vines_1st_Level.pdf from request
21-07-2025 16:25:10 [REQ:5a69a3ff-2d21-456d-a50b-d694a1a9a8ec] INFO web:- Trying to extract text from DMDave_Adventure_-_Vines_1st_Level.pdf
21-07-2025 16:25:10 [REQ:5a69a3ff-2d21-456d-a50b-d694a1a9a8ec] INFO web:- Setting pdfminer
21-07-2025 16:25:10 [REQ:5a69a3ff-2d21-456d-a50b-d694a1a9a8ec] INFO web:- Trying to extract text from DMDave Adventure - Vines (1st Level).pdf
21-07-2025 16:25:11 [REQ:5a69a3ff-2d21-456d-a50b-d694a1a9a8ec] INFO web:- Closing pdfminer objects
21-07-2025 16:25:11 [REQ:5a69a3ff-2d21-456d-a50b-d694a1a9a8ec] INFO web:- Text extraction is successful for DMDave_Adventure_-_Vines_1st_Level.pdf
21-07-2025 16:25:11 [REQ:unknown] INFO 127.0.0.1 - - [21/Jul/2025 16:25:11] "[35m[1mPOST /upload HTTP/1.1[0m" 500 -
21-07-2025 16:25:11 [REQ:unknown] INFO 127.0.0.1 - - [21/Jul/2025 16:25:11] "[36mGET /upload?__debugger__=yes&cmd=resource&f=style.css HTTP/1.1[0m" 304 -
21-07-2025 16:25:11 [REQ:unknown] INFO 127.0.0.1 - - [21/Jul/2025 16:25:11] "[36mGET /upload?__debugger__=yes&cmd=resource&f=debugger.js HTTP/1.1[0m" 304 -
21-07-2025 16:25:11 [REQ:unknown] INFO 127.0.0.1 - - [21/Jul/2025 16:25:11] "[36mGET /upload?__debugger__=yes&cmd=resource&f=console.png HTTP/1.1[0m" 304 -
21-07-2025 16:26:02 [REQ:unknown] INFO Server starting
21-07-2025 16:26:02 [REQ:unknown] INFO Server Started
21-07-2025 16:26:02 [REQ:unknown] INFO [31m[1mWARNING: This is a development server. Do not use it in a production deployment. Use a production WSGI server instead.[0m
 * Running on http://127.0.0.1:5000
21-07-2025 16:26:02 [REQ:unknown] INFO [33mPress CTRL+C to quit[0m
21-07-2025 16:26:02 [REQ:unknown] INFO  * Restarting with stat
21-07-2025 16:26:02 [REQ:unknown] INFO Server starting
21-07-2025 16:26:02 [REQ:unknown] INFO Server Started
21-07-2025 16:26:02 [REQ:unknown] WARNING  * Debugger is active!
21-07-2025 16:26:02 [REQ:unknown] INFO  * Debugger PIN: 117-065-093
21-07-2025 16:26:14 [REQ:unknown] INFO 127.0.0.1 - - [21/Jul/2025 16:26:14] "GET / HTTP/1.1" 200 -
21-07-2025 16:26:19 [REQ:3cb07547-6b50-4930-81fd-468c14c4c7b8] INFO web:- Got file DMDave_Adventure_-_Vines_1st_Level.pdf from request
21-07-2025 16:26:19 [REQ:3cb07547-6b50-4930-81fd-468c14c4c7b8] INFO web:- Trying to extract text from DMDave_Adventure_-_Vines_1st_Level.pdf
21-07-2025 16:26:19 [REQ:3cb07547-6b50-4930-81fd-468c14c4c7b8] INFO web:- Setting pdfminer
21-07-2025 16:26:19 [REQ:3cb07547-6b50-4930-81fd-468c14c4c7b8] INFO web:- Trying to extract text from DMDave Adventure - Vines (1st Level).pdf
21-07-2025 16:26:20 [REQ:3cb07547-6b50-4930-81fd-468c14c4c7b8] INFO web:- Closing pdfminer objects
21-07-2025 16:26:20 [REQ:3cb07547-6b50-4930-81fd-468c14c4c7b8] INFO web:- Text extraction is successful for DMDave_Adventure_-_Vines_1st_Level.pdf
21-07-2025 16:26:20 [REQ:unknown] INFO 127.0.0.1 - - [21/Jul/2025 16:26:20] "[35m[1mPOST /upload HTTP/1.1[0m" 500 -
21-07-2025 16:26:20 [REQ:unknown] INFO 127.0.0.1 - - [21/Jul/2025 16:26:20] "[36mGET /upload?__debugger__=yes&cmd=resource&f=style.css HTTP/1.1[0m" 304 -
21-07-2025 16:26:20 [REQ:unknown] INFO 127.0.0.1 - - [21/Jul/2025 16:26:20] "[36mGET /upload?__debugger__=yes&cmd=resource&f=debugger.js HTTP/1.1[0m" 304 -
21-07-2025 16:26:20 [REQ:unknown] INFO 127.0.0.1 - - [21/Jul/2025 16:26:20] "[36mGET /upload?__debugger__=yes&cmd=resource&f=console.png HTTP/1.1[0m" 304 -
21-07-2025 16:31:27 [REQ:unknown] INFO Server starting
21-07-2025 16:31:27 [REQ:unknown] INFO Server Started
21-07-2025 16:31:27 [REQ:unknown] INFO [31m[1mWARNING: This is a development server. Do not use it in a production deployment. Use a production WSGI server instead.[0m
 * Running on http://127.0.0.1:5000
21-07-2025 16:31:27 [REQ:unknown] INFO [33mPress CTRL+C to quit[0m
21-07-2025 16:31:27 [REQ:unknown] INFO  * Restarting with stat
21-07-2025 16:31:27 [REQ:unknown] INFO Server starting
21-07-2025 16:31:27 [REQ:unknown] INFO Server Started
21-07-2025 16:31:27 [REQ:unknown] WARNING  * Debugger is active!
21-07-2025 16:31:27 [REQ:unknown] INFO  * Debugger PIN: 117-065-093
21-07-2025 16:31:32 [REQ:unknown] INFO 127.0.0.1 - - [21/Jul/2025 16:31:32] "GET / HTTP/1.1" 200 -
21-07-2025 16:31:37 [REQ:159e89e2-0f0b-4666-adba-98769bfc26be] INFO web:- Got file DMDave_Adventure_-_Vines_1st_Level.pdf from request
21-07-2025 16:31:37 [REQ:159e89e2-0f0b-4666-adba-98769bfc26be] INFO web:- Trying to extract text from DMDave_Adventure_-_Vines_1st_Level.pdf
21-07-2025 16:31:37 [REQ:159e89e2-0f0b-4666-adba-98769bfc26be] INFO web:- Setting pdfminer
21-07-2025 16:31:37 [REQ:159e89e2-0f0b-4666-adba-98769bfc26be] INFO web:- Trying to extract text from DMDave Adventure - Vines (1st Level).pdf
21-07-2025 16:31:38 [REQ:159e89e2-0f0b-4666-adba-98769bfc26be] INFO web:- Closing pdfminer objects
21-07-2025 16:31:38 [REQ:159e89e2-0f0b-4666-adba-98769bfc26be] INFO web:- Text extraction is successful for DMDave_Adventure_-_Vines_1st_Level.pdf
21-07-2025 16:31:38 [REQ:unknown] INFO 127.0.0.1 - - [21/Jul/2025 16:31:38] "[35m[1mPOST /upload HTTP/1.1[0m" 500 -
21-07-2025 16:31:38 [REQ:unknown] INFO 127.0.0.1 - - [21/Jul/2025 16:31:38] "[36mGET /upload?__debugger__=yes&cmd=resource&f=style.css HTTP/1.1[0m" 304 -
21-07-2025 16:31:38 [REQ:unknown] INFO 127.0.0.1 - - [21/Jul/2025 16:31:38] "[36mGET /upload?__debugger__=yes&cmd=resource&f=debugger.js HTTP/1.1[0m" 304 -
21-07-2025 16:31:38 [REQ:unknown] INFO 127.0.0.1 - - [21/Jul/2025 16:31:38] "[36mGET /upload?__debugger__=yes&cmd=resource&f=console.png HTTP/1.1[0m" 304 -
21-07-2025 16:33:21 [REQ:a720cf82-84f3-4d60-af58-4dd1b14ed341] INFO web:- Got file DMDave_Adventure_-_Vines_1st_Level.pdf from request
21-07-2025 16:33:21 [REQ:a720cf82-84f3-4d60-af58-4dd1b14ed341] INFO web:- Trying to extract text from DMDave_Adventure_-_Vines_1st_Level.pdf
21-07-2025 16:33:21 [REQ:a720cf82-84f3-4d60-af58-4dd1b14ed341] INFO web:- Setting pdfminer
21-07-2025 16:33:21 [REQ:a720cf82-84f3-4d60-af58-4dd1b14ed341] INFO web:- Trying to extract text from DMDave Adventure - Vines (1st Level).pdf
21-07-2025 16:33:22 [REQ:a720cf82-84f3-4d60-af58-4dd1b14ed341] INFO web:- Closing pdfminer objects
21-07-2025 16:33:22 [REQ:a720cf82-84f3-4d60-af58-4dd1b14ed341] INFO web:- Text extraction is successful for DMDave_Adventure_-_Vines_1st_Level.pdf
21-07-2025 16:33:22 [REQ:unknown] INFO 127.0.0.1 - - [21/Jul/2025 16:33:22] "[35m[1mPOST /upload HTTP/1.1[0m" 500 -
21-07-2025 16:33:25 [REQ:unknown] INFO 127.0.0.1 - - [21/Jul/2025 16:33:25] "GET / HTTP/1.1" 200 -
21-07-2025 16:33:28 [REQ:f8164ab3-0b25-4be8-883e-777861b4c668] INFO web:- Got file DMDave_Adventure_-_Vines_1st_Level.pdf from request
21-07-2025 16:33:28 [REQ:f8164ab3-0b25-4be8-883e-777861b4c668] INFO web:- Trying to extract text from DMDave_Adventure_-_Vines_1st_Level.pdf
21-07-2025 16:33:28 [REQ:f8164ab3-0b25-4be8-883e-777861b4c668] INFO web:- Setting pdfminer
21-07-2025 16:33:28 [REQ:f8164ab3-0b25-4be8-883e-777861b4c668] INFO web:- Trying to extract text from DMDave Adventure - Vines (1st Level).pdf
21-07-2025 16:33:29 [REQ:f8164ab3-0b25-4be8-883e-777861b4c668] INFO web:- Closing pdfminer objects
21-07-2025 16:33:29 [REQ:f8164ab3-0b25-4be8-883e-777861b4c668] INFO web:- Text extraction is successful for DMDave_Adventure_-_Vines_1st_Level.pdf
21-07-2025 16:33:29 [REQ:unknown] INFO 127.0.0.1 - - [21/Jul/2025 16:33:29] "[35m[1mPOST /upload HTTP/1.1[0m" 500 -
21-07-2025 16:33:29 [REQ:unknown] INFO 127.0.0.1 - - [21/Jul/2025 16:33:29] "[36mGET /upload?__debugger__=yes&cmd=resource&f=style.css HTTP/1.1[0m" 304 -
21-07-2025 16:33:29 [REQ:unknown] INFO 127.0.0.1 - - [21/Jul/2025 16:33:29] "[36mGET /upload?__debugger__=yes&cmd=resource&f=debugger.js HTTP/1.1[0m" 304 -
21-07-2025 16:33:29 [REQ:unknown] INFO 127.0.0.1 - - [21/Jul/2025 16:33:29] "[36mGET /upload?__debugger__=yes&cmd=resource&f=console.png HTTP/1.1[0m" 304 -
21-07-2025 16:33:29 [REQ:unknown] INFO 127.0.0.1 - - [21/Jul/2025 16:33:29] "[36mGET /upload?__debugger__=yes&cmd=resource&f=console.png HTTP/1.1[0m" 304 -
21-07-2025 16:37:18 [REQ:unknown] INFO  * Detected change in '/Users/ankitkarwasara/Downloads/PDF_Extraction/pdf.py', reloading
21-07-2025 16:37:18 [REQ:unknown] INFO  * Restarting with stat
21-07-2025 16:37:18 [REQ:unknown] INFO Server starting
21-07-2025 16:37:18 [REQ:unknown] INFO Server Started
21-07-2025 16:37:18 [REQ:unknown] WARNING  * Debugger is active!
21-07-2025 16:37:18 [REQ:unknown] INFO  * Debugger PIN: 117-065-093
21-07-2025 16:38:03 [REQ:unknown] INFO Server starting
21-07-2025 16:38:03 [REQ:unknown] INFO Server Started
21-07-2025 16:38:03 [REQ:unknown] INFO [31m[1mWARNING: This is a development server. Do not use it in a production deployment. Use a production WSGI server instead.[0m
 * Running on http://127.0.0.1:5000
21-07-2025 16:38:03 [REQ:unknown] INFO [33mPress CTRL+C to quit[0m
21-07-2025 16:38:03 [REQ:unknown] INFO  * Restarting with stat
21-07-2025 16:38:03 [REQ:unknown] INFO Server starting
21-07-2025 16:38:03 [REQ:unknown] INFO Server Started
21-07-2025 16:38:03 [REQ:unknown] WARNING  * Debugger is active!
21-07-2025 16:38:03 [REQ:unknown] INFO  * Debugger PIN: 117-065-093
21-07-2025 16:38:07 [REQ:unknown] INFO 127.0.0.1 - - [21/Jul/2025 16:38:07] "GET / HTTP/1.1" 200 -
21-07-2025 16:38:11 [REQ:0d26d1c7-e056-4eaa-a8f0-59c4a62f95dc] INFO web:- Got file DMDave_Adventure_-_Vines_1st_Level.pdf from request
21-07-2025 16:38:11 [REQ:0d26d1c7-e056-4eaa-a8f0-59c4a62f95dc] INFO web:- Trying to extract text from DMDave_Adventure_-_Vines_1st_Level.pdf
21-07-2025 16:38:11 [REQ:0d26d1c7-e056-4eaa-a8f0-59c4a62f95dc] INFO web:- Setting pdfminer
21-07-2025 16:38:11 [REQ:0d26d1c7-e056-4eaa-a8f0-59c4a62f95dc] INFO web:- Trying to extract text from DMDave Adventure - Vines (1st Level).pdf
21-07-2025 16:38:12 [REQ:0d26d1c7-e056-4eaa-a8f0-59c4a62f95dc] INFO web:- Closing pdfminer objects
21-07-2025 16:38:12 [REQ:0d26d1c7-e056-4eaa-a8f0-59c4a62f95dc] INFO web:- Text extraction is successful for DMDave_Adventure_-_Vines_1st_Level.pdf
21-07-2025 16:38:12 [REQ:unknown] INFO 127.0.0.1 - - [21/Jul/2025 16:38:12] "[35m[1mPOST /upload HTTP/1.1[0m" 500 -
21-07-2025 16:38:12 [REQ:unknown] INFO 127.0.0.1 - - [21/Jul/2025 16:38:12] "[36mGET /upload?__debugger__=yes&cmd=resource&f=debugger.js HTTP/1.1[0m" 304 -
21-07-2025 16:38:12 [REQ:unknown] INFO 127.0.0.1 - - [21/Jul/2025 16:38:12] "[36mGET /upload?__debugger__=yes&cmd=resource&f=style.css HTTP/1.1[0m" 304 -
21-07-2025 16:38:12 [REQ:unknown] INFO 127.0.0.1 - - [21/Jul/2025 16:38:12] "[36mGET /upload?__debugger__=yes&cmd=resource&f=console.png HTTP/1.1[0m" 304 -
21-07-2025 16:39:20 [REQ:unknown] INFO Server starting
21-07-2025 16:39:20 [REQ:unknown] INFO Server Started
21-07-2025 16:39:20 [REQ:unknown] INFO [31m[1mWARNING: This is a development server. Do not use it in a production deployment. Use a production WSGI server instead.[0m
 * Running on http://127.0.0.1:5000
21-07-2025 16:39:20 [REQ:unknown] INFO [33mPress CTRL+C to quit[0m
21-07-2025 16:39:20 [REQ:unknown] INFO  * Restarting with stat
21-07-2025 16:39:20 [REQ:unknown] INFO Server starting
21-07-2025 16:39:20 [REQ:unknown] INFO Server Started
21-07-2025 16:39:20 [REQ:unknown] WARNING  * Debugger is active!
21-07-2025 16:39:20 [REQ:unknown] INFO  * Debugger PIN: 117-065-093
21-07-2025 16:39:25 [REQ:unknown] INFO 127.0.0.1 - - [21/Jul/2025 16:39:25] "GET / HTTP/1.1" 200 -
21-07-2025 16:39:29 [REQ:c9872dea-c851-40cf-8604-777394b28857] INFO web:- Got file DMDave_Adventure_-_Vines_1st_Level.pdf from request
21-07-2025 16:39:29 [REQ:c9872dea-c851-40cf-8604-777394b28857] INFO web:- Trying to extract text from DMDave_Adventure_-_Vines_1st_Level.pdf
21-07-2025 16:39:29 [REQ:c9872dea-c851-40cf-8604-777394b28857] INFO web:- Setting pdfminer
21-07-2025 16:39:29 [REQ:c9872dea-c851-40cf-8604-777394b28857] INFO web:- Trying to extract text from DMDave Adventure - Vines (1st Level).pdf
21-07-2025 16:39:30 [REQ:c9872dea-c851-40cf-8604-777394b28857] INFO web:- Closing pdfminer objects
21-07-2025 16:39:30 [REQ:c9872dea-c851-40cf-8604-777394b28857] INFO web:- Text extraction is successful for DMDave_Adventure_-_Vines_1st_Level.pdf
21-07-2025 16:39:30 [REQ:unknown] INFO 127.0.0.1 - - [21/Jul/2025 16:39:30] "[35m[1mPOST /upload HTTP/1.1[0m" 500 -
21-07-2025 16:39:30 [REQ:unknown] INFO 127.0.0.1 - - [21/Jul/2025 16:39:30] "[36mGET /upload?__debugger__=yes&cmd=resource&f=style.css HTTP/1.1[0m" 304 -
21-07-2025 16:39:30 [REQ:unknown] INFO 127.0.0.1 - - [21/Jul/2025 16:39:30] "[36mGET /upload?__debugger__=yes&cmd=resource&f=debugger.js HTTP/1.1[0m" 304 -
21-07-2025 16:39:30 [REQ:unknown] INFO 127.0.0.1 - - [21/Jul/2025 16:39:30] "[36mGET /upload?__debugger__=yes&cmd=resource&f=console.png HTTP/1.1[0m" 304 -
21-07-2025 16:42:14 [REQ:unknown] INFO  * Detected change in '/Users/ankitkarwasara/Downloads/PDF_Extraction/main.py', reloading
21-07-2025 16:42:14 [REQ:unknown] INFO  * Restarting with stat
21-07-2025 16:42:14 [REQ:unknown] INFO Server starting
21-07-2025 16:42:14 [REQ:unknown] INFO Server Started
21-07-2025 16:42:14 [REQ:unknown] WARNING  * Debugger is active!
21-07-2025 16:42:14 [REQ:unknown] INFO  * Debugger PIN: 117-065-093
21-07-2025 16:42:17 [REQ:unknown] INFO  * Detected change in '/Users/ankitkarwasara/Downloads/PDF_Extraction/pdf.py', reloading
21-07-2025 16:42:17 [REQ:unknown] INFO  * Restarting with stat
21-07-2025 16:42:17 [REQ:unknown] INFO Server starting
21-07-2025 16:42:17 [REQ:unknown] INFO Server Started
21-07-2025 16:42:17 [REQ:unknown] WARNING  * Debugger is active!
21-07-2025 16:42:17 [REQ:unknown] INFO  * Debugger PIN: 117-065-093
21-07-2025 16:42:24 [REQ:unknown] INFO Server starting
21-07-2025 16:42:24 [REQ:unknown] INFO Server Started
21-07-2025 16:42:24 [REQ:unknown] INFO [31m[1mWARNING: This is a development server. Do not use it in a production deployment. Use a production WSGI server instead.[0m
 * Running on http://127.0.0.1:5000
21-07-2025 16:42:24 [REQ:unknown] INFO [33mPress CTRL+C to quit[0m
21-07-2025 16:42:24 [REQ:unknown] INFO  * Restarting with stat
21-07-2025 16:42:24 [REQ:unknown] INFO Server starting
21-07-2025 16:42:24 [REQ:unknown] INFO Server Started
21-07-2025 16:42:24 [REQ:unknown] WARNING  * Debugger is active!
21-07-2025 16:42:24 [REQ:unknown] INFO  * Debugger PIN: 117-065-093
21-07-2025 16:42:29 [REQ:unknown] INFO 127.0.0.1 - - [21/Jul/2025 16:42:29] "GET / HTTP/1.1" 200 -
21-07-2025 16:42:33 [REQ:63f76718-a5ba-4400-84a8-faad9d01cd66] INFO web:- Trying to extract text
21-07-2025 16:42:33 [REQ:63f76718-a5ba-4400-84a8-faad9d01cd66] INFO web:- Setting pdfminer
21-07-2025 16:42:33 [REQ:63f76718-a5ba-4400-84a8-faad9d01cd66] INFO web:- Trying to extract text from DMDave Adventure - Vines (1st Level).pdf
21-07-2025 16:42:34 [REQ:63f76718-a5ba-4400-84a8-faad9d01cd66] INFO web:- Closing pdfminer objects
21-07-2025 16:42:34 [REQ:63f76718-a5ba-4400-84a8-faad9d01cd66] INFO web:- Text extraction is successful
21-07-2025 16:42:34 [REQ:unknown] INFO 127.0.0.1 - - [21/Jul/2025 16:42:34] "POST /upload HTTP/1.1" 200 -
21-07-2025 16:44:14 [REQ:unknown] INFO  * Detected change in '/Users/ankitkarwasara/Downloads/PDF_Extraction/main.py', reloading
21-07-2025 16:44:14 [REQ:unknown] INFO  * Restarting with stat
21-07-2025 16:44:14 [REQ:unknown] INFO Server starting
21-07-2025 16:44:14 [REQ:unknown] INFO Server Started
21-07-2025 16:44:14 [REQ:unknown] WARNING  * Debugger is active!
21-07-2025 16:44:14 [REQ:unknown] INFO  * Debugger PIN: 117-065-093
21-07-2025 16:44:21 [REQ:unknown] INFO Server starting
21-07-2025 16:44:21 [REQ:unknown] INFO Server Started
21-07-2025 16:44:21 [REQ:unknown] INFO [31m[1mWARNING: This is a development server. Do not use it in a production deployment. Use a production WSGI server instead.[0m
 * Running on http://127.0.0.1:5000
21-07-2025 16:44:21 [REQ:unknown] INFO [33mPress CTRL+C to quit[0m
21-07-2025 16:44:21 [REQ:unknown] INFO  * Restarting with stat
21-07-2025 16:44:21 [REQ:unknown] INFO Server starting
21-07-2025 16:44:21 [REQ:unknown] INFO Server Started
21-07-2025 16:44:21 [REQ:unknown] WARNING  * Debugger is active!
21-07-2025 16:44:21 [REQ:unknown] INFO  * Debugger PIN: 117-065-093
21-07-2025 16:44:29 [REQ:6292a4fd-03ec-4720-9e9c-b895f87340b1] INFO web:- Got file DMDave_Adventure_-_Vines_1st_Level.pdf from request
21-07-2025 16:44:29 [REQ:6292a4fd-03ec-4720-9e9c-b895f87340b1] INFO web:- Trying to extract text from DMDave_Adventure_-_Vines_1st_Level.pdf
21-07-2025 16:44:29 [REQ:6292a4fd-03ec-4720-9e9c-b895f87340b1] INFO web:- Setting pdfminer
21-07-2025 16:44:29 [REQ:6292a4fd-03ec-4720-9e9c-b895f87340b1] INFO web:- Trying to extract text from DMDave Adventure - Vines (1st Level).pdf
21-07-2025 16:44:30 [REQ:6292a4fd-03ec-4720-9e9c-b895f87340b1] INFO web:- Closing pdfminer objects
21-07-2025 16:44:30 [REQ:6292a4fd-03ec-4720-9e9c-b895f87340b1] INFO web:- Text extraction is successful for DMDave_Adventure_-_Vines_1st_Level.pdf
21-07-2025 16:44:30 [REQ:unknown] INFO 127.0.0.1 - - [21/Jul/2025 16:44:30] "[35m[1mPOST /upload HTTP/1.1[0m" 500 -
21-07-2025 16:44:31 [REQ:unknown] INFO 127.0.0.1 - - [21/Jul/2025 16:44:31] "GET / HTTP/1.1" 200 -
21-07-2025 16:44:34 [REQ:d3f6f6c8-c2ed-4678-bdce-be1d834eb3e6] INFO web:- Got file DMDave_Adventure_-_Vines_1st_Level.pdf from request
21-07-2025 16:44:34 [REQ:d3f6f6c8-c2ed-4678-bdce-be1d834eb3e6] INFO web:- Trying to extract text from DMDave_Adventure_-_Vines_1st_Level.pdf
21-07-2025 16:44:34 [REQ:d3f6f6c8-c2ed-4678-bdce-be1d834eb3e6] INFO web:- Setting pdfminer
21-07-2025 16:44:34 [REQ:d3f6f6c8-c2ed-4678-bdce-be1d834eb3e6] INFO web:- Trying to extract text from DMDave Adventure - Vines (1st Level).pdf
21-07-2025 16:44:35 [REQ:d3f6f6c8-c2ed-4678-bdce-be1d834eb3e6] INFO web:- Closing pdfminer objects
21-07-2025 16:44:35 [REQ:d3f6f6c8-c2ed-4678-bdce-be1d834eb3e6] INFO web:- Text extraction is successful for DMDave_Adventure_-_Vines_1st_Level.pdf
21-07-2025 16:44:35 [REQ:unknown] INFO 127.0.0.1 - - [21/Jul/2025 16:44:35] "[35m[1mPOST /upload HTTP/1.1[0m" 500 -
21-07-2025 16:44:35 [REQ:unknown] INFO 127.0.0.1 - - [21/Jul/2025 16:44:35] "[36mGET /upload?__debugger__=yes&cmd=resource&f=style.css HTTP/1.1[0m" 304 -
21-07-2025 16:44:35 [REQ:unknown] INFO 127.0.0.1 - - [21/Jul/2025 16:44:35] "[36mGET /upload?__debugger__=yes&cmd=resource&f=debugger.js HTTP/1.1[0m" 304 -
21-07-2025 16:44:35 [REQ:unknown] INFO 127.0.0.1 - - [21/Jul/2025 16:44:35] "[36mGET /upload?__debugger__=yes&cmd=resource&f=console.png HTTP/1.1[0m" 304 -
21-07-2025 16:44:35 [REQ:unknown] INFO 127.0.0.1 - - [21/Jul/2025 16:44:35] "[36mGET /upload?__debugger__=yes&cmd=resource&f=console.png HTTP/1.1[0m" 304 -
21-07-2025 16:44:39 [REQ:fbe9eac7-0bbb-461c-9d30-e101bda19f9a] INFO web:- Got file DMDave_Adventure_-_Vines_1st_Level.pdf from request
21-07-2025 16:44:39 [REQ:fbe9eac7-0bbb-461c-9d30-e101bda19f9a] INFO web:- Trying to extract text from DMDave_Adventure_-_Vines_1st_Level.pdf
21-07-2025 16:44:39 [REQ:fbe9eac7-0bbb-461c-9d30-e101bda19f9a] INFO web:- Setting pdfminer
21-07-2025 16:44:39 [REQ:fbe9eac7-0bbb-461c-9d30-e101bda19f9a] INFO web:- Trying to extract text from DMDave Adventure - Vines (1st Level).pdf
21-07-2025 16:44:40 [REQ:fbe9eac7-0bbb-461c-9d30-e101bda19f9a] INFO web:- Closing pdfminer objects
21-07-2025 16:44:40 [REQ:fbe9eac7-0bbb-461c-9d30-e101bda19f9a] INFO web:- Text extraction is successful for DMDave_Adventure_-_Vines_1st_Level.pdf
21-07-2025 16:44:40 [REQ:unknown] INFO 127.0.0.1 - - [21/Jul/2025 16:44:40] "[35m[1mPOST /upload HTTP/1.1[0m" 500 -
21-07-2025 16:44:40 [REQ:unknown] INFO 127.0.0.1 - - [21/Jul/2025 16:44:40] "[36mGET /upload?__debugger__=yes&cmd=resource&f=style.css HTTP/1.1[0m" 304 -
21-07-2025 16:44:40 [REQ:unknown] INFO 127.0.0.1 - - [21/Jul/2025 16:44:40] "[36mGET /upload?__debugger__=yes&cmd=resource&f=debugger.js HTTP/1.1[0m" 304 -
21-07-2025 16:44:40 [REQ:unknown] INFO 127.0.0.1 - - [21/Jul/2025 16:44:40] "[36mGET /upload?__debugger__=yes&cmd=resource&f=console.png HTTP/1.1[0m" 304 -
21-07-2025 16:45:48 [REQ:unknown] INFO  * Detected change in '/Users/ankitkarwasara/Downloads/PDF_Extraction/main.py', reloading
21-07-2025 16:45:48 [REQ:unknown] INFO  * Restarting with stat
21-07-2025 16:49:30 [REQ:unknown] INFO Server starting
21-07-2025 16:49:30 [REQ:unknown] INFO Server Started
21-07-2025 16:49:30 [REQ:unknown] INFO [31m[1mWARNING: This is a development server. Do not use it in a production deployment. Use a production WSGI server instead.[0m
 * Running on http://127.0.0.1:5000
21-07-2025 16:49:30 [REQ:unknown] INFO [33mPress CTRL+C to quit[0m
21-07-2025 16:49:30 [REQ:unknown] INFO  * Restarting with stat
21-07-2025 16:49:30 [REQ:unknown] INFO Server starting
21-07-2025 16:49:30 [REQ:unknown] INFO Server Started
21-07-2025 16:49:30 [REQ:unknown] WARNING  * Debugger is active!
21-07-2025 16:49:30 [REQ:unknown] INFO  * Debugger PIN: 117-065-093
21-07-2025 16:49:34 [REQ:unknown] INFO 127.0.0.1 - - [21/Jul/2025 16:49:34] "GET / HTTP/1.1" 200 -
21-07-2025 16:49:38 [REQ:fb489f44-3972-40fe-9536-2a2b4421cdd3] INFO web:- Trying to extract text
21-07-2025 16:49:38 [REQ:fb489f44-3972-40fe-9536-2a2b4421cdd3] INFO web:- Setting pdfminer
21-07-2025 16:49:38 [REQ:fb489f44-3972-40fe-9536-2a2b4421cdd3] INFO web:- Trying to extract text from DMDave Adventure - Vines (1st Level).pdf
21-07-2025 16:49:39 [REQ:fb489f44-3972-40fe-9536-2a2b4421cdd3] INFO web:- Closing pdfminer objects
21-07-2025 16:49:39 [REQ:fb489f44-3972-40fe-9536-2a2b4421cdd3] INFO web:- Text extraction is successful
21-07-2025 16:49:39 [REQ:unknown] INFO 127.0.0.1 - - [21/Jul/2025 16:49:39] "POST /upload HTTP/1.1" 200 -
21-07-2025 16:51:30 [REQ:unknown] INFO  * Detected change in '/Users/ankitkarwasara/Downloads/PDF_Extraction/main.py', reloading
21-07-2025 16:51:30 [REQ:unknown] INFO  * Restarting with stat
